R version 4.2.2 (2022-10-31)
Platform: x86_64-pc-linux-gnu (64-bit)
Running under: Red Hat Enterprise Linux Server 7.9 (Maipo)

Matrix products: default
BLAS/LAPACK: /usr/local/src/openblas/0.3.21/gcc/Sandy.Bridge/lib/libopenblas_sandybridgep-r0.3.21.so

locale:
[1] C

attached base packages:
[1] parallel  stats4    stats     graphics  grDevices utils     datasets 
[8] methods   base     

other attached packages:
 [1] ropls_1.30.0          reshape2_1.4.4        vegan_2.6-4          
 [4] lattice_0.21-8        permute_0.9-7         doParallel_1.0.17    
 [7] iterators_1.0.14      foreach_1.5.2         imputeLCMD_2.1       
[10] impute_1.72.3         pcaMethods_1.90.0     Biobase_2.58.0       
[13] BiocGenerics_0.44.0   norm_1.0-11.0         tmvtnorm_1.5         
[16] gmm_1.7               sandwich_3.0-2        mvtnorm_1.1-3        
[19] abind_1.4-5           missForest_1.5        magrittr_2.0.3       
[22] FNN_1.1.3.2           rpart_4.1.19          glmnet_4.1-7         
[25] Matrix_1.5-4.1        randomForest_4.7-1.1  ggplot2_3.4.2        
[28] data.table_1.14.8     zCompositions_1.4.0-1 truncnorm_1.0-9      
[31] NADA_1.6-1.1          survival_3.5-5        MASS_7.3-60          
[34] ebTobit_1.0.1        

loaded via a namespace (and not attached):
 [1] MatrixGenerics_1.10.0       splines_4.2.2              
 [3] RcppParallel_5.1.7          doRNG_1.8.6                
 [5] GenomeInfoDbData_1.2.9      pillar_1.9.0               
 [7] limma_3.54.2                glue_1.6.2                 
 [9] digest_0.6.31               XVector_0.38.0             
[11] GenomicRanges_1.50.2        colorspace_2.1-0           
[13] plyr_1.8.8                  pkgconfig_2.0.3            
[15] calibrate_1.7.7             zlibbioc_1.44.0            
[17] scales_1.2.1                itertools_0.1-3            
[19] MultiAssayExperiment_1.24.0 tibble_3.2.1               
[21] mgcv_1.8-42                 generics_0.1.3             
[23] IRanges_2.32.0              withr_2.5.0                
[25] SummarizedExperiment_1.28.0 cli_3.6.1                  
[27] MultiDataSet_1.26.0         fansi_1.0.4                
[29] nlme_3.1-162                tools_4.2.2                
[31] lifecycle_1.0.3             matrixStats_0.63.0         
[33] stringr_1.5.0               S4Vectors_0.36.2           
[35] munsell_0.5.0               DelayedArray_0.24.0        
[37] cluster_2.1.4               rngtools_1.5.2             
[39] compiler_4.2.2              GenomeInfoDb_1.34.9        
[41] rlang_1.1.1                 RCurl_1.98-1.6             
[43] grid_4.2.2                  bitops_1.0-7               
[45] gtable_0.3.3                codetools_0.2-19           
[47] R6_2.5.1                    zoo_1.8-12                 
[49] dplyr_1.1.2                 utf8_1.2.3                 
[51] shape_1.4.6                 qqman_0.1.8                
[53] stringi_1.7.12              Rcpp_1.0.10                
[55] vctrs_0.6.2                 tidyselect_1.2.0           
